<?xml version="1.0" encoding="UTF-8"?>
<testng-results skipped="0" failed="0" ignored="0" total="1" passed="1">
  <reporter-output>
  </reporter-output>
  <suite name="Surefire suite" duration-ms="7" started-at="2022-05-20T19:34:43Z" finished-at="2022-05-20T19:34:43Z">
    <groups>
    </groups>
    <test name="Surefire test" duration-ms="7" started-at="2022-05-20T19:34:43Z" finished-at="2022-05-20T19:34:43Z">
      <class name="SeleniumPractice.MavenJava.AppTest">
        <test-method status="PASS" signature="testApp()[pri:0, instance:testApp(SeleniumPractice.MavenJava.AppTest)]" name="testApp" duration-ms="1" started-at="2022-05-21T01:04:43Z" finished-at="2022-05-21T01:04:43Z">
          <reporter-output>
          </reporter-output>
        </test-method> <!-- testApp -->
      </class> <!-- SeleniumPractice.MavenJava.AppTest -->
    </test> <!-- Surefire test -->
  </suite> <!-- Surefire suite -->
</testng-results>
