<?xml version="1.0" encoding="UTF-8"?>
<!-- Generated by org.testng.reporters.JUnitXMLReporter -->
<testsuite hostname="LAPTOP-AR9DTOLK" ignored="0" name="Surefire test" tests="6" failures="0" timestamp="20 May 2022 19:34:43 GMT" time="0.071" errors="0">
  <testcase name="AndroidApps" time="0.049" classname="SeleniumPractice.MavenJava.AppiumTest"/>
  <testcase name="IosApps" time="0.0" classname="SeleniumPractice.MavenJava.AppiumTest"/>
  <testcase name="DeleteTwitter" time="0.001" classname="SeleniumPractice.MavenJava.RestApiTest"/>
  <testcase name="postJira" time="0.001" classname="SeleniumPractice.MavenJava.RestApiTest"/>
  <testcase name="BrowserAutomation" time="0.0" classname="SeleniumPractice.MavenJava.SeleniumTest"/>
  <testcase name="ElementsUI" time="0.0" classname="SeleniumPractice.MavenJava.SeleniumTest"/>
</testsuite> <!-- Surefire test -->
