<?xml version="1.0" encoding="UTF-8"?>
<!-- Generated by org.testng.reporters.JUnitXMLReporter -->
<testsuite hostname="LAPTOP-AR9DTOLK" ignored="0" name="Test" tests="4" failures="0" timestamp="21 May 2022 19:12:38 GMT" time="0.028" errors="0">
  <testcase name="DeleteTwitter" time="0.007" classname="SeleniumPractice.MavenJava.RestApiTest"/>
  <testcase name="postJira" time="0.001" classname="SeleniumPractice.MavenJava.RestApiTest"/>
  <testcase name="BrowserAutomation" time="0.0" classname="SeleniumPractice.MavenJava.SeleniumTest"/>
  <testcase name="ElementsUI" time="0.001" classname="SeleniumPractice.MavenJava.SeleniumTest"/>
</testsuite> <!-- Test -->
