<?xml version="1.0" encoding="UTF-8"?>
<testng-results skipped="0" failed="0" ignored="0" total="4" passed="4">
  <reporter-output>
  </reporter-output>
  <suite name="Suite" duration-ms="28" started-at="2022-05-21T19:12:38Z" finished-at="2022-05-21T19:12:38Z">
    <groups>
    </groups>
    <test name="Test" duration-ms="28" started-at="2022-05-21T19:12:38Z" finished-at="2022-05-21T19:12:38Z">
      <class name="SeleniumPractice.MavenJava.RestApiTest">
        <test-method status="PASS" signature="DeleteTwitter()[pri:0, instance:SeleniumPractice.MavenJava.RestApiTest@589b3632]" name="DeleteTwitter" duration-ms="7" started-at="2022-05-22T00:42:38Z" finished-at="2022-05-22T00:42:38Z">
          <reporter-output>
          </reporter-output>
        </test-method> <!-- DeleteTwitter -->
        <test-method status="PASS" signature="postJira()[pri:0, instance:SeleniumPractice.MavenJava.RestApiTest@589b3632]" name="postJira" duration-ms="1" started-at="2022-05-22T00:42:38Z" finished-at="2022-05-22T00:42:38Z">
          <reporter-output>
          </reporter-output>
        </test-method> <!-- postJira -->
      </class> <!-- SeleniumPractice.MavenJava.RestApiTest -->
      <class name="SeleniumPractice.MavenJava.SeleniumTest">
        <test-method status="PASS" signature="ElementsUI()[pri:0, instance:SeleniumPractice.MavenJava.SeleniumTest@534df152]" name="ElementsUI" duration-ms="1" started-at="2022-05-22T00:42:38Z" finished-at="2022-05-22T00:42:38Z">
          <reporter-output>
          </reporter-output>
        </test-method> <!-- ElementsUI -->
        <test-method status="PASS" signature="BrowserAutomation()[pri:0, instance:SeleniumPractice.MavenJava.SeleniumTest@534df152]" name="BrowserAutomation" duration-ms="0" started-at="2022-05-22T00:42:38Z" finished-at="2022-05-22T00:42:38Z">
          <reporter-output>
          </reporter-output>
        </test-method> <!-- BrowserAutomation -->
      </class> <!-- SeleniumPractice.MavenJava.SeleniumTest -->
    </test> <!-- Test -->
  </suite> <!-- Suite -->
</testng-results>
